Flow report for IrDA
Wed Mar  7 16:45:36 2018
Quartus II 64-Bit Version 13.0.1 Build 232 06/12/2013 Service Pack 1 SJ Full Version


---------------------
; Table of Contents ;
---------------------
  1. Legal Notice
  2. Flow Summary
  3. Flow Settings
  4. Flow Non-Default Global Settings
  5. Flow Elapsed Time
  6. Flow OS Summary
  7. Flow Log
  8. Flow Messages
  9. Flow Suppressed Messages



----------------
; Legal Notice ;
----------------
Copyright (C) 1991-2013 Altera Corporation
Your use of Altera Corporation's design tools, logic functions 
and other software and tools, and its AMPP partner logic 
functions, and any output files from any of the foregoing 
(including device programming or simulation files), and any 
associated documentation or information are expressly subject 
to the terms and conditions of the Altera Program License 
Subscription Agreement, Altera MegaCore Function License 
Agreement, or other applicable license agreement, including, 
without limitation, that your use is for the sole purpose of 
programming logic devices manufactured by Altera and sold by 
Altera or its authorized distributors.  Please refer to the 
applicable agreement for further details.



+---------------------------------------------------------------------------------------+
; Flow Summary                                                                          ;
+------------------------------------+--------------------------------------------------+
; Flow Status                        ; Successful - Wed Mar  7 16:45:36 2018            ;
; Quartus II 64-Bit Version          ; 13.0.1 Build 232 06/12/2013 SP 1 SJ Full Version ;
; Revision Name                      ; IrDA                                             ;
; Top-level Entity Name              ; IrDA                                             ;
; Family                             ; Cyclone II                                       ;
; Device                             ; EP2C35F672C6                                     ;
; Timing Models                      ; Final                                            ;
; Total logic elements               ; 1,431 / 33,216 ( 4 % )                           ;
;     Total combinational functions  ; 1,214 / 33,216 ( 4 % )                           ;
;     Dedicated logic registers      ; 860 / 33,216 ( 3 % )                             ;
; Total registers                    ; 860                                              ;
; Total pins                         ; 32 / 475 ( 7 % )                                 ;
; Total virtual pins                 ; 0                                                ;
; Total memory bits                  ; 393,216 / 483,840 ( 81 % )                       ;
; Embedded Multiplier 9-bit elements ; 0 / 70 ( 0 % )                                   ;
; Total PLLs                         ; 0 / 4 ( 0 % )                                    ;
+------------------------------------+--------------------------------------------------+


+-----------------------------------------+
; Flow Settings                           ;
+-------------------+---------------------+
; Option            ; Setting             ;
+-------------------+---------------------+
; Start date & time ; 03/07/2018 16:02:58 ;
; Main task         ; Compilation         ;
; Revision Name     ; IrDA                ;
+-------------------+---------------------+


+-----------------------------------------------------------------------------------------------------------------------------------------------------------------+
; Flow Non-Default Global Settings                                                                                                                                ;
+-------------------------------------+----------------------------------------------------------------------------+---------------+-------------+----------------+
; Assignment Name                     ; Value                                                                      ; Default Value ; Entity Name ; Section Id     ;
+-------------------------------------+----------------------------------------------------------------------------+---------------+-------------+----------------+
; COMPILER_SIGNATURE_ID               ; 22759551804247.152043497818705                                             ; --            ; --          ; --             ;
; EDA_OUTPUT_DATA_FORMAT              ; Vhdl                                                                       ; --            ; --          ; eda_simulation ;
; EDA_SIMULATION_TOOL                 ; ModelSim-Altera (VHDL)                                                     ; <None>        ; --          ; --             ;
; ENABLE_SIGNALTAP                    ; Off                                                                        ; --            ; --          ; --             ;
; MAX_CORE_JUNCTION_TEMP              ; 85                                                                         ; --            ; --          ; --             ;
; MIN_CORE_JUNCTION_TEMP              ; 0                                                                          ; --            ; --          ; --             ;
; PARTITION_COLOR                     ; 16764057                                                                   ; --            ; --          ; Top            ;
; PARTITION_FITTER_PRESERVATION_LEVEL ; PLACEMENT_AND_ROUTING                                                      ; --            ; --          ; Top            ;
; PARTITION_NETLIST_TYPE              ; SOURCE                                                                     ; --            ; --          ; Top            ;
; POWER_BOARD_THERMAL_MODEL           ; None (CONSERVATIVE)                                                        ; --            ; --          ; --             ;
; POWER_PRESET_COOLING_SOLUTION       ; 23 MM HEAT SINK WITH 200 LFPM AIRFLOW                                      ; --            ; --          ; --             ;
; PROJECT_OUTPUT_DIRECTORY            ; output_files                                                               ; --            ; --          ; --             ;
; SLD_FILE                            ; /nfs/home/sasl/eleves/ei-se/3521528/Projet/IrDA/Fit/stp1_auto_stripped.stp ; --            ; --          ; --             ;
; USE_SIGNALTAP_FILE                  ; stp1.stp                                                                   ; --            ; --          ; --             ;
; VHDL_INPUT_VERSION                  ; VHDL_2008                                                                  ; VHDL_1993     ; --          ; --             ;
; VHDL_SHOW_LMF_MAPPING_MESSAGES      ; Off                                                                        ; --            ; --          ; --             ;
+-------------------------------------+----------------------------------------------------------------------------+---------------+-------------+----------------+


+-------------------------------------------------------------------------------------------------------------------------------+
; Flow Elapsed Time                                                                                                             ;
+---------------------------+--------------+-------------------------+---------------------+------------------------------------+
; Module Name               ; Elapsed Time ; Average Processors Used ; Peak Virtual Memory ; Total CPU Time (on all processors) ;
+---------------------------+--------------+-------------------------+---------------------+------------------------------------+
; Analysis & Synthesis      ; 00:00:02     ; 1.0                     ; 611 MB              ; 00:00:02                           ;
; Fitter                    ; 00:00:06     ; 2.8                     ; 784 MB              ; 00:00:08                           ;
; Assembler                 ; 00:00:01     ; 1.0                     ; 559 MB              ; 00:00:02                           ;
; TimeQuest Timing Analyzer ; 00:00:00     ; 1.0                     ; 539 MB              ; 00:00:01                           ;
; EDA Netlist Writer        ; 00:00:01     ; 1.0                     ; 808 MB              ; 00:00:01                           ;
; Analysis & Synthesis      ; 00:00:07     ; 1.5                     ; 678 MB              ; 00:00:08                           ;
; Partition Merge           ; 00:00:00     ; 1.0                     ; 870 MB              ; 00:00:01                           ;
; Fitter                    ; 00:00:05     ; 1.6                     ; 781 MB              ; 00:00:07                           ;
; Assembler                 ; 00:00:02     ; 1.0                     ; 569 MB              ; 00:00:02                           ;
; TimeQuest Timing Analyzer ; 00:00:00     ; 1.0                     ; 533 MB              ; 00:00:01                           ;
; EDA Netlist Writer        ; 00:00:01     ; 1.0                     ; 810 MB              ; 00:00:01                           ;
; Analysis & Synthesis      ; 00:00:07     ; 1.5                     ; 680 MB              ; 00:00:09                           ;
; Partition Merge           ; 00:00:01     ; 1.0                     ; 876 MB              ; 00:00:01                           ;
; Fitter                    ; 00:00:07     ; 1.5                     ; 788 MB              ; 00:00:09                           ;
; Assembler                 ; 00:00:01     ; 1.0                     ; 560 MB              ; 00:00:02                           ;
; TimeQuest Timing Analyzer ; 00:00:01     ; 1.0                     ; 541 MB              ; 00:00:01                           ;
; EDA Netlist Writer        ; 00:00:01     ; 1.0                     ; 815 MB              ; 00:00:01                           ;
; Analysis & Synthesis      ; 00:00:07     ; 1.7                     ; 677 MB              ; 00:00:08                           ;
; Partition Merge           ; 00:00:00     ; 1.0                     ; 871 MB              ; 00:00:01                           ;
; Fitter                    ; 00:00:06     ; 1.5                     ; 798 MB              ; 00:00:09                           ;
; Assembler                 ; 00:00:02     ; 1.0                     ; 560 MB              ; 00:00:02                           ;
; TimeQuest Timing Analyzer ; 00:00:01     ; 1.0                     ; 540 MB              ; 00:00:01                           ;
; EDA Netlist Writer        ; 00:00:01     ; 1.0                     ; 815 MB              ; 00:00:01                           ;
; Analysis & Synthesis      ; 00:00:03     ; 1.0                     ; 670 MB              ; 00:00:02                           ;
; Partition Merge           ; 00:00:01     ; 1.0                     ; 875 MB              ; 00:00:01                           ;
; Fitter                    ; 00:00:07     ; 1.0                     ; 788 MB              ; 00:00:09                           ;
; Assembler                 ; 00:00:02     ; 1.0                     ; 555 MB              ; 00:00:02                           ;
; TimeQuest Timing Analyzer ; 00:00:01     ; 1.0                     ; 545 MB              ; 00:00:01                           ;
; EDA Netlist Writer        ; 00:00:01     ; 1.0                     ; 815 MB              ; 00:00:01                           ;
; Analysis & Synthesis      ; 00:00:03     ; 1.0                     ; 671 MB              ; 00:00:02                           ;
; Partition Merge           ; 00:00:00     ; 1.0                     ; 875 MB              ; 00:00:01                           ;
; Fitter                    ; 00:00:06     ; 1.0                     ; 792 MB              ; 00:00:09                           ;
; Assembler                 ; 00:00:02     ; 1.0                     ; 560 MB              ; 00:00:02                           ;
; TimeQuest Timing Analyzer ; 00:00:01     ; 1.0                     ; 554 MB              ; 00:00:01                           ;
; EDA Netlist Writer        ; 00:00:01     ; 1.0                     ; 815 MB              ; 00:00:01                           ;
; Analysis & Synthesis      ; 00:00:03     ; 1.0                     ; 671 MB              ; 00:00:02                           ;
; Partition Merge           ; 00:00:01     ; 1.0                     ; 875 MB              ; 00:00:01                           ;
; Fitter                    ; 00:00:06     ; 1.0                     ; 800 MB              ; 00:00:09                           ;
; Assembler                 ; 00:00:02     ; 1.0                     ; 567 MB              ; 00:00:02                           ;
; TimeQuest Timing Analyzer ; 00:00:01     ; 1.0                     ; 544 MB              ; 00:00:01                           ;
; EDA Netlist Writer        ; 00:00:01     ; 1.0                     ; 815 MB              ; 00:00:01                           ;
; Analysis & Synthesis      ; 00:00:08     ; 1.6                     ; 677 MB              ; 00:00:09                           ;
; Partition Merge           ; 00:00:01     ; 1.0                     ; 876 MB              ; 00:00:01                           ;
; Fitter                    ; 00:00:08     ; 1.4                     ; 859 MB              ; 00:00:11                           ;
; Assembler                 ; 00:00:02     ; 1.0                     ; 572 MB              ; 00:00:02                           ;
; TimeQuest Timing Analyzer ; 00:00:01     ; 1.0                     ; 550 MB              ; 00:00:01                           ;
; EDA Netlist Writer        ; 00:00:01     ; 1.0                     ; 819 MB              ; 00:00:01                           ;
; Total                     ; 00:02:03     ; --                      ; --                  ; 00:02:32                           ;
+---------------------------+--------------+-------------------------+---------------------+------------------------------------+


+-----------------------------------------------------------------------------------------+
; Flow OS Summary                                                                         ;
+---------------------------+------------------+------------+------------+----------------+
; Module Name               ; Machine Hostname ; OS Name    ; OS Version ; Processor type ;
+---------------------------+------------------+------------+------------+----------------+
; Analysis & Synthesis      ; pc4162           ; Linux Mint ; 17         ; x86_64         ;
; Fitter                    ; pc4162           ; Linux Mint ; 17         ; x86_64         ;
; Assembler                 ; pc4162           ; Linux Mint ; 17         ; x86_64         ;
; TimeQuest Timing Analyzer ; pc4162           ; Linux Mint ; 17         ; x86_64         ;
; EDA Netlist Writer        ; pc4162           ; Linux Mint ; 17         ; x86_64         ;
; Analysis & Synthesis      ; pc4162           ; Linux Mint ; 17         ; x86_64         ;
; Partition Merge           ; pc4162           ; Linux Mint ; 17         ; x86_64         ;
; Fitter                    ; pc4162           ; Linux Mint ; 17         ; x86_64         ;
; Assembler                 ; pc4162           ; Linux Mint ; 17         ; x86_64         ;
; TimeQuest Timing Analyzer ; pc4162           ; Linux Mint ; 17         ; x86_64         ;
; EDA Netlist Writer        ; pc4162           ; Linux Mint ; 17         ; x86_64         ;
; Analysis & Synthesis      ; pc4162           ; Linux Mint ; 17         ; x86_64         ;
; Partition Merge           ; pc4162           ; Linux Mint ; 17         ; x86_64         ;
; Fitter                    ; pc4162           ; Linux Mint ; 17         ; x86_64         ;
; Assembler                 ; pc4162           ; Linux Mint ; 17         ; x86_64         ;
; TimeQuest Timing Analyzer ; pc4162           ; Linux Mint ; 17         ; x86_64         ;
; EDA Netlist Writer        ; pc4162           ; Linux Mint ; 17         ; x86_64         ;
; Analysis & Synthesis      ; pc4162           ; Linux Mint ; 17         ; x86_64         ;
; Partition Merge           ; pc4162           ; Linux Mint ; 17         ; x86_64         ;
; Fitter                    ; pc4162           ; Linux Mint ; 17         ; x86_64         ;
; Assembler                 ; pc4162           ; Linux Mint ; 17         ; x86_64         ;
; TimeQuest Timing Analyzer ; pc4162           ; Linux Mint ; 17         ; x86_64         ;
; EDA Netlist Writer        ; pc4162           ; Linux Mint ; 17         ; x86_64         ;
; Analysis & Synthesis      ; pc4162           ; Linux Mint ; 17         ; x86_64         ;
; Partition Merge           ; pc4162           ; Linux Mint ; 17         ; x86_64         ;
; Fitter                    ; pc4162           ; Linux Mint ; 17         ; x86_64         ;
; Assembler                 ; pc4162           ; Linux Mint ; 17         ; x86_64         ;
; TimeQuest Timing Analyzer ; pc4162           ; Linux Mint ; 17         ; x86_64         ;
; EDA Netlist Writer        ; pc4162           ; Linux Mint ; 17         ; x86_64         ;
; Analysis & Synthesis      ; pc4162           ; Linux Mint ; 17         ; x86_64         ;
; Partition Merge           ; pc4162           ; Linux Mint ; 17         ; x86_64         ;
; Fitter                    ; pc4162           ; Linux Mint ; 17         ; x86_64         ;
; Assembler                 ; pc4162           ; Linux Mint ; 17         ; x86_64         ;
; TimeQuest Timing Analyzer ; pc4162           ; Linux Mint ; 17         ; x86_64         ;
; EDA Netlist Writer        ; pc4162           ; Linux Mint ; 17         ; x86_64         ;
; Analysis & Synthesis      ; pc4162           ; Linux Mint ; 17         ; x86_64         ;
; Partition Merge           ; pc4162           ; Linux Mint ; 17         ; x86_64         ;
; Fitter                    ; pc4162           ; Linux Mint ; 17         ; x86_64         ;
; Assembler                 ; pc4162           ; Linux Mint ; 17         ; x86_64         ;
; TimeQuest Timing Analyzer ; pc4162           ; Linux Mint ; 17         ; x86_64         ;
; EDA Netlist Writer        ; pc4162           ; Linux Mint ; 17         ; x86_64         ;
; Analysis & Synthesis      ; pc4162           ; Linux Mint ; 17         ; x86_64         ;
; Partition Merge           ; pc4162           ; Linux Mint ; 17         ; x86_64         ;
; Fitter                    ; pc4162           ; Linux Mint ; 17         ; x86_64         ;
; Assembler                 ; pc4162           ; Linux Mint ; 17         ; x86_64         ;
; TimeQuest Timing Analyzer ; pc4162           ; Linux Mint ; 17         ; x86_64         ;
; EDA Netlist Writer        ; pc4162           ; Linux Mint ; 17         ; x86_64         ;
+---------------------------+------------------+------------+------------+----------------+


------------
; Flow Log ;
------------
quartus_map --read_settings_files=on --write_settings_files=off IrDA -c IrDA
quartus_fit --read_settings_files=off --write_settings_files=off IrDA -c IrDA
quartus_asm --read_settings_files=off --write_settings_files=off IrDA -c IrDA
quartus_sta IrDA -c IrDA
quartus_eda --read_settings_files=off --write_settings_files=off IrDA -c IrDA
quartus_map --read_settings_files=on --write_settings_files=off IrDA -c IrDA
quartus_cdb --read_settings_files=off --write_settings_files=off IrDA -c IrDA --merge=on
quartus_fit --read_settings_files=off --write_settings_files=off IrDA -c IrDA
quartus_asm --read_settings_files=off --write_settings_files=off IrDA -c IrDA
quartus_sta IrDA -c IrDA
quartus_eda --read_settings_files=off --write_settings_files=off IrDA -c IrDA
quartus_map --read_settings_files=on --write_settings_files=off IrDA -c IrDA
quartus_cdb --read_settings_files=off --write_settings_files=off IrDA -c IrDA --merge=on
quartus_fit --read_settings_files=off --write_settings_files=off IrDA -c IrDA
quartus_asm --read_settings_files=off --write_settings_files=off IrDA -c IrDA
quartus_sta IrDA -c IrDA
quartus_eda --read_settings_files=off --write_settings_files=off IrDA -c IrDA
quartus_map --read_settings_files=on --write_settings_files=off IrDA -c IrDA
quartus_cdb --read_settings_files=off --write_settings_files=off IrDA -c IrDA --merge=on
quartus_fit --read_settings_files=off --write_settings_files=off IrDA -c IrDA
quartus_asm --read_settings_files=off --write_settings_files=off IrDA -c IrDA
quartus_sta IrDA -c IrDA
quartus_eda --read_settings_files=off --write_settings_files=off IrDA -c IrDA
quartus_map --read_settings_files=on --write_settings_files=off IrDA -c IrDA
quartus_cdb --read_settings_files=off --write_settings_files=off IrDA -c IrDA --merge=on
quartus_fit --read_settings_files=off --write_settings_files=off IrDA -c IrDA
quartus_asm --read_settings_files=off --write_settings_files=off IrDA -c IrDA
quartus_sta IrDA -c IrDA
quartus_eda --read_settings_files=off --write_settings_files=off IrDA -c IrDA
quartus_map --read_settings_files=on --write_settings_files=off IrDA -c IrDA
quartus_cdb --read_settings_files=off --write_settings_files=off IrDA -c IrDA --merge=on
quartus_fit --read_settings_files=off --write_settings_files=off IrDA -c IrDA
quartus_asm --read_settings_files=off --write_settings_files=off IrDA -c IrDA
quartus_sta IrDA -c IrDA
quartus_eda --read_settings_files=off --write_settings_files=off IrDA -c IrDA
quartus_map --read_settings_files=on --write_settings_files=off IrDA -c IrDA
quartus_cdb --read_settings_files=off --write_settings_files=off IrDA -c IrDA --merge=on
quartus_fit --read_settings_files=off --write_settings_files=off IrDA -c IrDA
quartus_asm --read_settings_files=off --write_settings_files=off IrDA -c IrDA
quartus_sta IrDA -c IrDA
quartus_eda --read_settings_files=off --write_settings_files=off IrDA -c IrDA
quartus_map --read_settings_files=on --write_settings_files=off IrDA -c IrDA
quartus_cdb --read_settings_files=off --write_settings_files=off IrDA -c IrDA --merge=on
quartus_fit --read_settings_files=off --write_settings_files=off IrDA -c IrDA
quartus_asm --read_settings_files=off --write_settings_files=off IrDA -c IrDA
quartus_sta IrDA -c IrDA
quartus_eda --read_settings_files=off --write_settings_files=off IrDA -c IrDA



